18:45:17: Creating resource group General
18:45:17: Creating resource group Internal
18:45:17: Creating resource group Autodetect
18:45:17: SceneManagerFactory for type 'DefaultSceneManager' registered.
18:45:17: Registering ResourceManager for type Material
18:45:17: Registering ResourceManager for type Mesh
18:45:17: Registering ResourceManager for type Skeleton
18:45:17: MovableObjectFactory for type 'ParticleSystem' registered.
18:45:17: OverlayElementFactory for type Panel registered.
18:45:17: OverlayElementFactory for type BorderPanel registered.
18:45:17: OverlayElementFactory for type TextArea registered.
18:45:17: Registering ResourceManager for type Font
18:45:17: ArchiveFactory for archive type FileSystem registered.
18:45:17: ArchiveFactory for archive type Zip registered.
18:45:17: FreeImage version: 3.10.0
18:45:17: This program uses FreeImage, a free, open source image library supporting all common bitmap formats. See http://freeimage.sourceforge.net for details
18:45:17: Supported formats: bmp,ico,jpg,jif,jpeg,jpe,jng,koa,iff,lbm,mng,pbm,pbm,pcd,pcx,pgm,pgm,png,ppm,ppm,ras,tga,targa,tif,tiff,wap,wbmp,wbm,psd,cut,xbm,xpm,gif,hdr,g3,sgi,exr,j2k,j2c,jp2
18:45:17: DDS codec registering
18:45:17: Registering ResourceManager for type HighLevelGpuProgram
18:45:17: Registering ResourceManager for type Compositor
18:45:17: MovableObjectFactory for type 'Entity' registered.
18:45:17: MovableObjectFactory for type 'Light' registered.
18:45:17: MovableObjectFactory for type 'BillboardSet' registered.
18:45:17: MovableObjectFactory for type 'ManualObject' registered.
18:45:17: MovableObjectFactory for type 'BillboardChain' registered.
18:45:17: MovableObjectFactory for type 'RibbonTrail' registered.
18:45:17: OGRE EXCEPTION(6:FileNotFoundException): 'plugins.cfg' file not found! in ConfigFile::load at ..\src\OgreConfigFile.cpp (line 84)
18:45:17: plugins.cfg not found, automatic plugin loading disabled.
18:45:17: *-*-* OGRE Initialising
18:45:17: *-*-* Version 1.6.4 (Shoggoth)
18:45:17: OGRE EXCEPTION(6:FileNotFoundException): 'resources.cfg' file not found! in ConfigFile::load at ..\src\OgreConfigFile.cpp (line 84)
18:45:22: *-*-* OGRE Shutdown
18:45:22: Unregistering ResourceManager for type Compositor
18:45:22: Unregistering ResourceManager for type Font
18:45:22: Unregistering ResourceManager for type Skeleton
18:45:22: Unregistering ResourceManager for type Mesh
18:45:22: Unregistering ResourceManager for type HighLevelGpuProgram
18:45:22: Unregistering ResourceManager for type Material
