08:11:48: Creating resource group General
08:11:48: Creating resource group Internal
08:11:48: Creating resource group Autodetect
08:11:48: SceneManagerFactory for type 'DefaultSceneManager' registered.
08:11:48: Registering ResourceManager for type Material
08:11:48: Registering ResourceManager for type Mesh
08:11:48: Registering ResourceManager for type Skeleton
08:11:48: MovableObjectFactory for type 'ParticleSystem' registered.
08:11:48: OverlayElementFactory for type Panel registered.
08:11:48: OverlayElementFactory for type BorderPanel registered.
08:11:48: OverlayElementFactory for type TextArea registered.
08:11:48: Registering ResourceManager for type Font
08:11:48: ArchiveFactory for archive type FileSystem registered.
08:11:48: ArchiveFactory for archive type Zip registered.
08:11:48: FreeImage version: 3.10.0
08:11:48: This program uses FreeImage, a free, open source image library supporting all common bitmap formats. See http://freeimage.sourceforge.net for details
08:11:48: Supported formats: bmp,ico,jpg,jif,jpeg,jpe,jng,koa,iff,lbm,mng,pbm,pbm,pcd,pcx,pgm,pgm,png,ppm,ppm,ras,tga,targa,tif,tiff,wap,wbmp,wbm,psd,cut,xbm,xpm,gif,hdr,g3,sgi,exr,j2k,j2c,jp2
08:11:48: DDS codec registering
08:11:48: Registering ResourceManager for type HighLevelGpuProgram
08:11:48: Registering ResourceManager for type Compositor
08:11:48: MovableObjectFactory for type 'Entity' registered.
08:11:48: MovableObjectFactory for type 'Light' registered.
08:11:48: MovableObjectFactory for type 'BillboardSet' registered.
08:11:48: MovableObjectFactory for type 'ManualObject' registered.
08:11:48: MovableObjectFactory for type 'BillboardChain' registered.
08:11:48: MovableObjectFactory for type 'RibbonTrail' registered.
08:11:48: Loading library .\RenderSystem_Direct3D9_d
08:11:48: Installing plugin: D3D9 RenderSystem
08:11:48: D3D9 : Direct3D9 Rendering Subsystem created.
08:11:48: D3D9: Driver Detection Starts
08:11:48: D3D9: Driver Detection Ends
08:11:48: Plugin successfully installed
08:11:48: Loading library .\RenderSystem_GL_d
08:11:48: Installing plugin: GL RenderSystem
08:11:48: OpenGL Rendering Subsystem created.
08:11:49: Plugin successfully installed
08:11:49: Loading library .\Plugin_ParticleFX_d
08:11:49: Installing plugin: ParticleFX
08:11:49: Particle Emitter Type 'Point' registered
08:11:49: Particle Emitter Type 'Box' registered
08:11:49: Particle Emitter Type 'Ellipsoid' registered
08:11:49: Particle Emitter Type 'Cylinder' registered
08:11:49: Particle Emitter Type 'Ring' registered
08:11:49: Particle Emitter Type 'HollowEllipsoid' registered
08:11:49: Particle Affector Type 'LinearForce' registered
08:11:49: Particle Affector Type 'ColourFader' registered
08:11:49: Particle Affector Type 'ColourFader2' registered
08:11:49: Particle Affector Type 'ColourImage' registered
08:11:49: Particle Affector Type 'ColourInterpolator' registered
08:11:49: Particle Affector Type 'Scaler' registered
08:11:49: Particle Affector Type 'Rotator' registered
08:11:49: Particle Affector Type 'DirectionRandomiser' registered
08:11:49: Particle Affector Type 'DeflectorPlane' registered
08:11:49: Plugin successfully installed
08:11:49: Loading library .\Plugin_BSPSceneManager_d
08:11:49: Installing plugin: BSP Scene Manager
08:11:49: Plugin successfully installed
08:11:49: Loading library .\Plugin_CgProgramManager_d
08:11:49: Installing plugin: Cg Program Manager
08:11:49: Plugin successfully installed
08:11:49: Loading library .\Plugin_PCZSceneManager_d.dll
08:11:49: Installing plugin: Portal Connected Zone Scene Manager
08:11:49: PCZone Factory Type 'ZoneType_Default' registered
08:11:49: Plugin successfully installed
08:11:49: Loading library .\Plugin_OctreeZone_d.dll
08:11:49: Installing plugin: Octree Zone Factory
08:11:49: Plugin successfully installed
08:11:49: Loading library .\Plugin_OctreeSceneManager_d
08:11:49: Installing plugin: Octree & Terrain Scene Manager
08:11:49: Plugin successfully installed
08:11:49: *-*-* OGRE Initialising
08:11:49: *-*-* Version 1.6.5 (Shoggoth)
08:11:49: Creating resource group Bootstrap
08:11:49: Added resource location '../../media/packs/OgreCore.zip' of type 'Zip' to resource group 'Bootstrap'
08:11:49: Added resource location '../../media' of type 'FileSystem' to resource group 'General'
08:11:49: Added resource location '../../media/fonts' of type 'FileSystem' to resource group 'General'
08:11:49: Added resource location '../../media/materials' of type 'FileSystem' to resource group 'General'
08:11:49: Added resource location '../../media/materials/programs' of type 'FileSystem' to resource group 'General'
08:11:49: Added resource location '../../media/materials/scripts' of type 'FileSystem' to resource group 'General'
08:11:49: Added resource location '../../media/materials/textures' of type 'FileSystem' to resource group 'General'
08:11:49: Added resource location '../../media/HydraxMaterials/programs' of type 'FileSystem' to resource group 'General'
08:11:49: Added resource location '../../media/HydraxMaterials/scripts' of type 'FileSystem' to resource group 'General'
08:11:49: Added resource location '../../media/HydraxMaterials/textures' of type 'FileSystem' to resource group 'General'
08:11:49: Added resource location '../../media/models' of type 'FileSystem' to resource group 'General'
08:11:49: Added resource location '../../media/particle' of type 'FileSystem' to resource group 'General'
08:11:49: Added resource location '../../media/gui' of type 'FileSystem' to resource group 'General'
08:11:49: Added resource location '../../media/packs/SkyBoxes.zip' of type 'Zip' to resource group 'General'
08:11:49: Creating resource group Hydrax
08:11:49: Added resource location '../../Media/Hydrax' of type 'FileSystem' to resource group 'Hydrax'
08:11:49: OGRE EXCEPTION(6:FileNotFoundException): 'ogre.cfg' file not found! in ConfigFile::load at f:\codingextra\ogre\shoggoth_vc9\ogre\ogremain\src\ogreconfigfile.cpp (line 84)
08:11:49: OGRE EXCEPTION(6:FileNotFoundException): 'ogre.cfg' file not found! in ConfigFile::load at f:\codingextra\ogre\shoggoth_vc9\ogre\ogremain\src\ogreconfigfile.cpp (line 84)
08:11:56: D3D9 : RenderSystem Option: Full Screen = No
08:11:57: D3D9 : RenderSystem Option: Video Mode = 1024 x 768 @ 32-bit colour
08:11:57: CPU Identifier & Features
08:11:57: -------------------------
08:11:57:  *   CPU ID: GenuineIntel: Intel(R) Core(TM)2 Quad CPU    Q6600  @ 2.40GHz
08:11:57:  *      SSE: yes
08:11:57:  *     SSE2: yes
08:11:57:  *     SSE3: yes
08:11:57:  *      MMX: yes
08:11:57:  *   MMXEXT: yes
08:11:57:  *    3DNOW: no
08:11:57:  * 3DNOWEXT: no
08:11:57:  *     CMOV: yes
08:11:57:  *      TSC: yes
08:11:57:  *      FPU: yes
08:11:57:  *      PRO: yes
08:11:57:  *       HT: no
08:11:57: -------------------------
08:11:57: D3D9 : Subsystem Initialising
08:11:57: D3D9RenderSystem::_createRenderWindow "OGRE Render Window", 1024x768 windowed  miscParams: FSAA=0 FSAAQuality=0 colourDepth=32 gamma=false useNVPerfHUD=false vsync=false 
08:11:57: D3D9 : Created D3D9 Rendering Window 'OGRE Render Window' : 1024x768, 32bpp
08:11:57: D3D9 : WARNING - disabling VSync in windowed mode can cause timing issues at lower frame rates, turn VSync on if you observe this problem.
08:11:58: Registering ResourceManager for type Texture
08:11:58: Registering ResourceManager for type GpuProgram
08:11:58: D3D9: Vertex texture format supported - PF_FLOAT16_RGB
08:11:58: D3D9: Vertex texture format supported - PF_FLOAT16_RGBA
08:11:58: D3D9: Vertex texture format supported - PF_FLOAT32_RGB
08:11:58: D3D9: Vertex texture format supported - PF_FLOAT32_RGBA
08:11:58: D3D9: Vertex texture format supported - PF_FLOAT16_R
08:11:58: D3D9: Vertex texture format supported - PF_FLOAT32_R
08:11:58: D3D9: Vertex texture format supported - PF_FLOAT16_GR
08:11:58: D3D9: Vertex texture format supported - PF_FLOAT32_GR
08:11:58: RenderSystem capabilities
08:11:58: -------------------------
08:11:58: RenderSystem Name: Direct3D9 Rendering Subsystem
08:11:58: GPU Vendor: nvidia
08:11:58: Device Name: NVIDIA GeForce GTX 285
08:11:58: Driver Version: 8.17.11.9713
08:11:58:  * Fixed function pipeline: yes
08:11:58:  * Hardware generation of mipmaps: yes
08:11:58:  * Texture blending: yes
08:11:58:  * Anisotropic texture filtering: yes
08:11:58:  * Dot product texture operation: yes
08:11:58:  * Cube mapping: yes
08:11:58:  * Hardware stencil buffer: yes
08:11:58:    - Stencil depth: 8
08:11:58:    - Two sided stencil support: yes
08:11:58:    - Wrap stencil values: yes
08:11:58:  * Hardware vertex / index buffers: yes
08:11:58:  * Vertex programs: yes
08:11:58:  * Fragment programs: yes
08:11:58:  * Geometry programs: no
08:11:58:  * Supported Shader Profiles: hlsl ps_1_1 ps_1_2 ps_1_3 ps_1_4 ps_2_0 ps_2_a ps_2_b ps_2_x ps_3_0 vs_1_1 vs_2_0 vs_2_a vs_2_x vs_3_0
08:11:58:  * Texture Compression: yes
08:11:58:    - DXT: yes
08:11:58:    - VTC: no
08:11:58:  * Scissor Rectangle: yes
08:11:58:  * Hardware Occlusion Query: yes
08:11:58:  * User clip planes: yes
08:11:58:  * VET_UBYTE4 vertex element type: yes
08:11:58:  * Infinite far plane projection: yes
08:11:58:  * Hardware render-to-texture: yes
08:11:58:  * Floating point textures: yes
08:11:58:  * Non-power-of-two textures: yes
08:11:58:  * Volume textures: yes
08:11:58:  * Multiple Render Targets: 4
08:11:58:    - With different bit depths: yes
08:11:58:  * Point Sprites: yes
08:11:58:  * Extended point parameters: yes
08:11:58:  * Max Point Size: 8192
08:11:58:  * Vertex texture fetch: yes
08:11:58:    - Max vertex textures: 4
08:11:58:    - Vertex textures shared: no
08:11:58:  * Render to Vertex Buffer : no
08:11:58:  * DirectX per stage constants: yes
08:11:58: ***************************************
08:11:58: *** D3D9 : Subsystem Initialised OK ***
08:11:58: ***************************************
08:11:58: ResourceBackgroundQueue - threading disabled
08:11:58: Particle Renderer Type 'billboard' registered
08:11:58: SceneManagerFactory for type 'BspSceneManager' registered.
08:11:58: Registering ResourceManager for type BspLevel
08:11:58: SceneManagerFactory for type 'PCZSceneManager' registered.
08:11:58: MovableObjectFactory for type 'PCZLight' registered.
08:11:58: PCZone Factory Type 'ZoneType_Octree' registered
08:11:58: PCZone Factory Type 'ZoneType_Terrain' registered
08:11:58: SceneManagerFactory for type 'OctreeSceneManager' registered.
08:11:58: SceneManagerFactory for type 'TerrainSceneManager' registered.
08:11:58: TerrainSceneManager: Registered a new PageSource for type Heightmap
08:11:58: Initialising resource group Bootstrap
08:11:58: Parsing scripts for resource group Bootstrap
08:11:58: Parsing script OgreCore.material
08:11:58: Parsing script OgreProfiler.material
08:11:58: Parsing script Ogre.fontdef
08:11:58: Parsing script OgreDebugPanel.overlay
08:11:58: Texture: New_Ogre_Border_Center.png: Loading 1 faces(PF_A8R8G8B8,256x128x1) with  hardware generated mipmaps from Image. Internal format is PF_A8R8G8B8,256x128x1.
08:11:58: Texture: New_Ogre_Border.png: Loading 1 faces(PF_A8R8G8B8,256x256x1) with  hardware generated mipmaps from Image. Internal format is PF_A8R8G8B8,256x256x1.
08:11:58: Texture: New_Ogre_Border_Break.png: Loading 1 faces(PF_A8R8G8B8,32x32x1) with  hardware generated mipmaps from Image. Internal format is PF_A8R8G8B8,32x32x1.
08:11:58: Font BlueHighwayusing texture size 512x512
08:11:58: Info: Freetype returned null for character 127 in font BlueHighway
08:11:58: Info: Freetype returned null for character 128 in font BlueHighway
08:11:58: Info: Freetype returned null for character 129 in font BlueHighway
08:11:58: Info: Freetype returned null for character 130 in font BlueHighway
08:11:58: Info: Freetype returned null for character 131 in font BlueHighway
08:11:58: Info: Freetype returned null for character 132 in font BlueHighway
08:11:58: Info: Freetype returned null for character 133 in font BlueHighway
08:11:58: Info: Freetype returned null for character 134 in font BlueHighway
08:11:58: Info: Freetype returned null for character 135 in font BlueHighway
08:11:58: Info: Freetype returned null for character 136 in font BlueHighway
08:11:58: Info: Freetype returned null for character 137 in font BlueHighway
08:11:58: Info: Freetype returned null for character 138 in font BlueHighway
08:11:58: Info: Freetype returned null for character 139 in font BlueHighway
08:11:58: Info: Freetype returned null for character 140 in font BlueHighway
08:11:58: Info: Freetype returned null for character 141 in font BlueHighway
08:11:58: Info: Freetype returned null for character 142 in font BlueHighway
08:11:58: Info: Freetype returned null for character 143 in font BlueHighway
08:11:58: Info: Freetype returned null for character 144 in font BlueHighway
08:11:58: Info: Freetype returned null for character 145 in font BlueHighway
08:11:58: Info: Freetype returned null for character 146 in font BlueHighway
08:11:58: Info: Freetype returned null for character 147 in font BlueHighway
08:11:58: Info: Freetype returned null for character 148 in font BlueHighway
08:11:58: Info: Freetype returned null for character 149 in font BlueHighway
08:11:58: Info: Freetype returned null for character 150 in font BlueHighway
08:11:58: Info: Freetype returned null for character 151 in font BlueHighway
08:11:58: Info: Freetype returned null for character 152 in font BlueHighway
08:11:58: Info: Freetype returned null for character 153 in font BlueHighway
08:11:58: Info: Freetype returned null for character 154 in font BlueHighway
08:11:58: Info: Freetype returned null for character 155 in font BlueHighway
08:11:58: Info: Freetype returned null for character 156 in font BlueHighway
08:11:58: Info: Freetype returned null for character 157 in font BlueHighway
08:11:58: Info: Freetype returned null for character 158 in font BlueHighway
08:11:58: Info: Freetype returned null for character 159 in font BlueHighway
08:11:58: Info: Freetype returned null for character 160 in font BlueHighway
08:11:58: Texture: BlueHighwayTexture: Loading 1 faces(PF_BYTE_LA,512x512x1) with 0 generated mipmaps from Image. Internal format is PF_BYTE_LA,512x512x1.
08:11:59: Texture: ogretext.png: Loading 1 faces(PF_A8R8G8B8,256x128x1) with  hardware generated mipmaps from Image. Internal format is PF_A8R8G8B8,256x128x1.
08:11:59: Parsing script OgreLoadingPanel.overlay
08:11:59: Finished parsing scripts for resource group Bootstrap
08:11:59: Parsing scripts for resource group Autodetect
08:11:59: Finished parsing scripts for resource group Autodetect
08:11:59: Parsing scripts for resource group General
08:11:59: Parsing script Examples.program
08:11:59: Parsing script Example-DynTex.material
08:11:59: Parsing script Example-Water.material
08:11:59: Parsing script Example.material
08:12:00: OGRE EXCEPTION(2:InvalidParametersException): Parameter called camObjPos does not exist.  in GpuProgramParameters::_findNamedConstantDefinition at f:\codingextra\ogre\shoggoth_vc9\ogre\ogremain\src\ogregpuprogram.cpp (line 1097)
08:12:00: Compiler error: invalid parameters in Example.material(795): setting of constant failed
08:12:00: Parsing script Examples-Advanced.material
08:12:01: Parsing script f14Fighter.material
08:12:01: Parsing script hud.material
08:12:01: Parsing script island1.material
08:12:01: Parsing script MyMaterials.material
08:12:01: Parsing script Palm.material
08:12:01: Parsing script RadialBlur.material
08:12:01: Parsing script ringflair.material
08:12:01: Parsing script rocket.material
08:12:01: Parsing script runway.material
08:12:01: Parsing script smoke.material
08:12:01: Parsing script terrain1.material
08:12:01: Parsing script terrain2.material
08:12:01: Parsing script terrain3.material
08:12:01: Parsing script terrain4.material
08:12:01: Parsing script terrain5.material
08:12:01: Parsing script torus.material
08:12:01: Parsing script _f14Fighter.material
08:12:01: Parsing script Island.material
08:12:01: Parsing script Palm.material
08:12:01: Parsing script SkyBox.material
08:12:01: Parsing script emitted_emitter.particle
08:12:01: Parsing script Example-Water.particle
08:12:01: Parsing script Example.particle
08:12:02: Parsing script explosion.particle
08:12:02: Parsing script myParticleSystems.particle
08:12:02: Parsing script smoke.particle
08:12:02: Parsing script weaponhit.particle
08:12:02: Parsing script Examples.compositor
08:12:02: Finished parsing scripts for resource group General
08:12:02: Parsing scripts for resource group Hydrax
08:12:02: Finished parsing scripts for resource group Hydrax
08:12:02: Parsing scripts for resource group Internal
08:12:02: Finished parsing scripts for resource group Internal
08:12:02: Texture: TaharezLook.tga: Loading 1 faces(PF_A8R8G8B8,256x256x1) with 0 generated mipmaps from Image. Internal format is PF_A8R8G8B8,256x256x1.
08:12:03: *** Initializing OIS ***
08:12:03: [Hydrax] Hydrax created.
08:12:03: [Hydrax] HydraxDemo.hdx loaded.
08:12:03: [Hydrax] Creating module...
08:12:03: [Hydrax] Creating ProjectedGridVertex module.
08:12:03: [Hydrax] ProjectedGridVertex created.
08:12:03: [Hydrax] Module created.
08:12:03: [Hydrax] Initializating RTT Manager...
08:12:03: [Hydrax] RTT manager initialized.
08:12:03: [Hydrax] Registring device restored listener...
08:12:03: [Hydrax] Device restored listener registred.
08:12:03: [Hydrax] Creating materials...
08:12:03: [Hydrax] Creating water material...
08:12:03: Texture: Fresnel.bmp: Loading 1 faces(PF_L8,256x1x1) with  hardware generated mipmaps from Image. Internal format is PF_L8,256x1x1.
08:12:03: Texture: Foam.png: Loading 1 faces(PF_R8G8B8,512x512x1) with  hardware generated mipmaps from Image. Internal format is PF_X8R8G8B8,512x512x1.
08:12:03: [Hydrax] Water material created.
08:12:03: [Hydrax] Creating depth material...
08:12:04: Texture: Caustics_0.bmp: Loading 1 faces(PF_R8G8B8,128x128x1) with  hardware generated mipmaps from Image. Internal format is PF_X8R8G8B8,128x128x1.
08:12:04: Texture: Caustics_1.bmp: Loading 1 faces(PF_R8G8B8,128x128x1) with  hardware generated mipmaps from Image. Internal format is PF_X8R8G8B8,128x128x1.
08:12:04: Texture: Caustics_2.bmp: Loading 1 faces(PF_R8G8B8,128x128x1) with  hardware generated mipmaps from Image. Internal format is PF_X8R8G8B8,128x128x1.
08:12:04: Texture: Caustics_3.bmp: Loading 1 faces(PF_R8G8B8,128x128x1) with  hardware generated mipmaps from Image. Internal format is PF_X8R8G8B8,128x128x1.
08:12:04: Texture: Caustics_4.bmp: Loading 1 faces(PF_R8G8B8,128x128x1) with  hardware generated mipmaps from Image. Internal format is PF_X8R8G8B8,128x128x1.
08:12:04: Texture: Caustics_5.bmp: Loading 1 faces(PF_R8G8B8,128x128x1) with  hardware generated mipmaps from Image. Internal format is PF_X8R8G8B8,128x128x1.
08:12:04: Texture: Caustics_6.bmp: Loading 1 faces(PF_R8G8B8,128x128x1) with  hardware generated mipmaps from Image. Internal format is PF_X8R8G8B8,128x128x1.
08:12:04: Texture: Caustics_7.bmp: Loading 1 faces(PF_R8G8B8,128x128x1) with  hardware generated mipmaps from Image. Internal format is PF_X8R8G8B8,128x128x1.
08:12:04: Texture: Caustics_8.bmp: Loading 1 faces(PF_R8G8B8,128x128x1) with  hardware generated mipmaps from Image. Internal format is PF_X8R8G8B8,128x128x1.
08:12:04: Texture: Caustics_9.bmp: Loading 1 faces(PF_R8G8B8,128x128x1) with  hardware generated mipmaps from Image. Internal format is PF_X8R8G8B8,128x128x1.
08:12:04: Texture: Caustics_10.bmp: Loading 1 faces(PF_R8G8B8,128x128x1) with  hardware generated mipmaps from Image. Internal format is PF_X8R8G8B8,128x128x1.
08:12:04: Texture: Caustics_11.bmp: Loading 1 faces(PF_R8G8B8,128x128x1) with  hardware generated mipmaps from Image. Internal format is PF_X8R8G8B8,128x128x1.
08:12:04: Texture: Caustics_12.bmp: Loading 1 faces(PF_R8G8B8,128x128x1) with  hardware generated mipmaps from Image. Internal format is PF_X8R8G8B8,128x128x1.
08:12:04: Texture: Caustics_13.bmp: Loading 1 faces(PF_R8G8B8,128x128x1) with  hardware generated mipmaps from Image. Internal format is PF_X8R8G8B8,128x128x1.
08:12:04: Texture: Caustics_14.bmp: Loading 1 faces(PF_R8G8B8,128x128x1) with  hardware generated mipmaps from Image. Internal format is PF_X8R8G8B8,128x128x1.
08:12:04: Texture: Caustics_15.bmp: Loading 1 faces(PF_R8G8B8,128x128x1) with  hardware generated mipmaps from Image. Internal format is PF_X8R8G8B8,128x128x1.
08:12:04: Texture: Caustics_16.bmp: Loading 1 faces(PF_R8G8B8,128x128x1) with  hardware generated mipmaps from Image. Internal format is PF_X8R8G8B8,128x128x1.
08:12:04: Texture: Caustics_17.bmp: Loading 1 faces(PF_R8G8B8,128x128x1) with  hardware generated mipmaps from Image. Internal format is PF_X8R8G8B8,128x128x1.
08:12:04: Texture: Caustics_18.bmp: Loading 1 faces(PF_R8G8B8,128x128x1) with  hardware generated mipmaps from Image. Internal format is PF_X8R8G8B8,128x128x1.
08:12:04: Texture: Caustics_19.bmp: Loading 1 faces(PF_R8G8B8,128x128x1) with  hardware generated mipmaps from Image. Internal format is PF_X8R8G8B8,128x128x1.
08:12:04: Texture: Caustics_20.bmp: Loading 1 faces(PF_R8G8B8,128x128x1) with  hardware generated mipmaps from Image. Internal format is PF_X8R8G8B8,128x128x1.
08:12:04: Texture: Caustics_21.bmp: Loading 1 faces(PF_R8G8B8,128x128x1) with  hardware generated mipmaps from Image. Internal format is PF_X8R8G8B8,128x128x1.
08:12:04: Texture: Caustics_22.bmp: Loading 1 faces(PF_R8G8B8,128x128x1) with  hardware generated mipmaps from Image. Internal format is PF_X8R8G8B8,128x128x1.
08:12:04: Texture: Caustics_23.bmp: Loading 1 faces(PF_R8G8B8,128x128x1) with  hardware generated mipmaps from Image. Internal format is PF_X8R8G8B8,128x128x1.
08:12:04: Texture: Caustics_24.bmp: Loading 1 faces(PF_R8G8B8,128x128x1) with  hardware generated mipmaps from Image. Internal format is PF_X8R8G8B8,128x128x1.
08:12:04: Texture: Caustics_25.bmp: Loading 1 faces(PF_R8G8B8,128x128x1) with  hardware generated mipmaps from Image. Internal format is PF_X8R8G8B8,128x128x1.
08:12:04: Texture: Caustics_26.bmp: Loading 1 faces(PF_R8G8B8,128x128x1) with  hardware generated mipmaps from Image. Internal format is PF_X8R8G8B8,128x128x1.
08:12:04: Texture: Caustics_27.bmp: Loading 1 faces(PF_R8G8B8,128x128x1) with  hardware generated mipmaps from Image. Internal format is PF_X8R8G8B8,128x128x1.
08:12:04: Texture: Caustics_28.bmp: Loading 1 faces(PF_R8G8B8,128x128x1) with  hardware generated mipmaps from Image. Internal format is PF_X8R8G8B8,128x128x1.
08:12:04: Texture: Caustics_29.bmp: Loading 1 faces(PF_R8G8B8,128x128x1) with  hardware generated mipmaps from Image. Internal format is PF_X8R8G8B8,128x128x1.
08:12:04: Texture: Caustics_30.bmp: Loading 1 faces(PF_R8G8B8,128x128x1) with  hardware generated mipmaps from Image. Internal format is PF_X8R8G8B8,128x128x1.
08:12:04: Texture: Caustics_31.bmp: Loading 1 faces(PF_R8G8B8,128x128x1) with  hardware generated mipmaps from Image. Internal format is PF_X8R8G8B8,128x128x1.
08:12:04: [Hydrax] Depth material created.
08:12:04: [Hydrax] Creating underwater material...
08:12:05: Texture: UnderwaterDistortion.jpg: Loading 1 faces(PF_R8G8B8,256x256x1) with  hardware generated mipmaps from Image. Internal format is PF_X8R8G8B8,256x256x1.
08:12:05: [Hydrax] Underwater material created.
08:12:05: [Hydrax] Materials created.
08:12:05: [Hydrax] Creating water mesh...
08:12:05: [Hydrax] Water mesh created.
08:12:05: Texture: ct_fr.png: Loading 1 faces(PF_R8G8B8,512x512x1) with  hardware generated mipmaps from Image. Internal format is PF_X8R8G8B8,512x512x1.
08:12:05: Texture: ct_bk.png: Loading 1 faces(PF_R8G8B8,512x512x1) with  hardware generated mipmaps from Image. Internal format is PF_X8R8G8B8,512x512x1.
08:12:05: Texture: ct_lf.png: Loading 1 faces(PF_R8G8B8,512x512x1) with  hardware generated mipmaps from Image. Internal format is PF_X8R8G8B8,512x512x1.
08:12:05: Texture: ct_rt.png: Loading 1 faces(PF_R8G8B8,512x512x1) with  hardware generated mipmaps from Image. Internal format is PF_X8R8G8B8,512x512x1.
08:12:05: Texture: ct_up.png: Loading 1 faces(PF_R8G8B8,512x512x1) with  hardware generated mipmaps from Image. Internal format is PF_X8R8G8B8,512x512x1.
08:12:05: Texture: ct_dn.png: Loading 1 faces(PF_R8G8B8,512x512x1) with  hardware generated mipmaps from Image. Internal format is PF_X8R8G8B8,512x512x1.
08:12:05: TerrainSceneManager: Activated PageSource Heightmap
08:12:05: Texture: Sand.tga: Loading 1 faces(PF_R8G8B8,512x512x1) with  hardware generated mipmaps from Image. Internal format is PF_X8R8G8B8,512x512x1.
08:12:05: Texture: Sand.png: Loading 1 faces(PF_R8G8B8,512x512x1) with  hardware generated mipmaps from Image. Internal format is PF_X8R8G8B8,512x512x1.
08:12:05: Texture: SandGrass.tga: Loading 1 faces(PF_A8R8G8B8,1024x1024x1) with  hardware generated mipmaps from Image. Internal format is PF_A8R8G8B8,1024x1024x1.
08:12:06: Texture: SandGrass.png: Loading 1 faces(PF_R8G8B8,1024x1024x1) with  hardware generated mipmaps from Image. Internal format is PF_X8R8G8B8,1024x1024x1.
08:12:06: Texture: _cegui_ogre_0: Loading 1 faces(PF_A8R8G8B8,256x256x1) with 0 generated mipmaps from Image. Internal format is PF_A8R8G8B8,256x256x1.
08:12:06: Texture: _cegui_ogre_1: Loading 1 faces(PF_A8R8G8B8,128x128x1) with 0 generated mipmaps from Image. Internal format is PF_A8R8G8B8,128x128x1.
08:12:06: Texture: _cegui_ogre_2: Loading 1 faces(PF_A8R8G8B8,32x32x1) with 0 generated mipmaps from Image. Internal format is PF_A8R8G8B8,32x32x1.
08:12:07: Texture: mmtLogo.jpg: Loading 1 faces(PF_R8G8B8,400x200x1) with 0 generated mipmaps from Image. Internal format is PF_X8R8G8B8,400x200x1.
08:12:12: Texture: Console_xbox_1920_1080_blanc.jpg: Loading 1 faces(PF_R8G8B8,1904x1042x1) with 0 generated mipmaps from Image. Internal format is PF_X8R8G8B8,1904x1042x1.
08:12:13: [Hydrax] Creating module...
08:12:13: [Hydrax] Creating ProjectedGridVertex module.
08:12:13: [Hydrax] ProjectedGridVertex created.
08:12:13: [Hydrax] Module created.
08:12:13: [Hydrax] Initializating RTT Manager...
08:12:13: [Hydrax] RTT manager initialized.
08:12:13: [Hydrax] Registring device restored listener...
08:12:13: [Hydrax] Device restored listener registred.
08:12:13: [Hydrax] Creating materials...
08:12:13: [Hydrax] Creating water material...
08:12:13: [Hydrax] Water material created.
08:12:13: [Hydrax] Creating depth material...
08:12:14: [Hydrax] Depth material created.
08:12:14: [Hydrax] Creating underwater material...
08:12:14: [Hydrax] Underwater material created.
08:12:14: [Hydrax] Materials created.
08:12:14: [Hydrax] Creating water mesh...
08:12:14: [Hydrax] Water mesh created.
08:12:14: Mesh: Loading f14Fighter.mesh.
08:12:15: Skeleton: Loading f14fighter.skeleton
08:12:15: Texture: f14texture4.jpg: Loading 1 faces(PF_R8G8B8,500x500x1) with 5 generated mipmaps from Image. Internal format is PF_X8R8G8B8,500x500x1.
08:12:17: Texture: f14texture3.jpg: Loading 1 faces(PF_R8G8B8,1000x1000x1) with 5 generated mipmaps from Image. Internal format is PF_X8R8G8B8,1000x1000x1.
08:12:17: Mesh: Loading cube.mesh.
08:12:17: Can't assign material 1 - Default to SubEntity of finishEntity because this Material does not exist. Have you forgotten to define it in a .material script?
08:12:17: Mesh: Loading runway.mesh.
08:12:18: Texture: file4-pPipe7.jpg: Loading 1 faces(PF_R8G8B8,512x512x1) with  hardware generated mipmaps from Image. Internal format is PF_X8R8G8B8,512x512x1.
08:12:18: Texture: file4-pCylinder8.jpg: Loading 1 faces(PF_R8G8B8,512x512x1) with  hardware generated mipmaps from Image. Internal format is PF_X8R8G8B8,512x512x1.
08:12:18: Texture: file5-pCylinder8.jpg: Loading 1 faces(PF_R8G8B8,512x512x1) with  hardware generated mipmaps from Image. Internal format is PF_X8R8G8B8,512x512x1.
08:12:18: Texture: file16-pCube9.jpg: Loading 1 faces(PF_R8G8B8,512x512x1) with  hardware generated mipmaps from Image. Internal format is PF_X8R8G8B8,512x512x1.
08:12:18: Texture: file12-pCylinder3.jpg: Loading 1 faces(PF_R8G8B8,512x512x1) with  hardware generated mipmaps from Image. Internal format is PF_X8R8G8B8,512x512x1.
08:12:18: Texture: AsphaltCloseups0048_3_S.jpg: Loading 1 faces(PF_R8G8B8,640x640x1) with 5 generated mipmaps from Image. Internal format is PF_X8R8G8B8,640x640x1.
08:12:18: Texture: file2-_startbahn_startbahn.jpg: Loading 1 faces(PF_R8G8B8,640x529x1) with 5 generated mipmaps from Image. Internal format is PF_X8R8G8B8,640x529x1.
08:12:18: Texture: file16-_startbahn_startbahn.jpg: Loading 1 faces(PF_R8G8B8,512x512x1) with  hardware generated mipmaps from Image. Internal format is PF_X8R8G8B8,512x512x1.
08:12:19: Texture: file5-_startbahn_startbahn.jpg: Loading 1 faces(PF_R8G8B8,512x512x1) with  hardware generated mipmaps from Image. Internal format is PF_X8R8G8B8,512x512x1.
08:12:19: Texture: file1-street1.jpg: Loading 1 faces(PF_R8G8B8,2000x2000x1) with 5 generated mipmaps from Image. Internal format is PF_X8R8G8B8,2000x2000x1.
08:12:20: Mesh: Loading torus.mesh.
08:12:21: Mesh: Loading Palm.mesh.
08:12:21: Texture: Palm.tga: Loading 1 faces(PF_A8R8G8B8,512x512x1) with  hardware generated mipmaps from Image. Internal format is PF_A8R8G8B8,512x512x1.
08:12:23: Texture: flare.png: Loading 1 faces(PF_R8G8B8,256x256x1) with  hardware generated mipmaps from Image. Internal format is PF_X8R8G8B8,256x256x1.
08:12:23: Texture: smoke.png: Loading 1 faces(PF_A8R8G8B8,256x256x1) with  hardware generated mipmaps from Image. Internal format is PF_A8R8G8B8,256x256x1.
08:12:23: D3D9 : Loading 2D Texture, image name : 'ring_flare.dds' with 5 mip map levels
08:12:49: [Hydrax] Creating module...
08:12:49: [Hydrax] Creating ProjectedGridVertex module.
08:12:49: [Hydrax] ProjectedGridVertex created.
08:12:49: [Hydrax] Module created.
08:12:49: [Hydrax] Initializating RTT Manager...
08:12:49: [Hydrax] RTT manager initialized.
08:12:49: [Hydrax] Registring device restored listener...
08:12:49: [Hydrax] Device restored listener registred.
08:12:49: [Hydrax] Creating materials...
08:12:49: [Hydrax] Creating water material...
08:12:49: [Hydrax] Water material created.
08:12:49: [Hydrax] Creating depth material...
08:12:49: [Hydrax] Depth material created.
08:12:49: [Hydrax] Creating underwater material...
08:12:49: [Hydrax] Underwater material created.
08:12:49: [Hydrax] Materials created.
08:12:49: [Hydrax] Creating water mesh...
08:12:49: [Hydrax] Water mesh created.
08:12:49: TerrainSceneManager: Activated PageSource Heightmap
